[Thu Dec 26 05:15:59 2024] PHP 8.1.2-1ubuntu2.20 Development Server (http://localhost:8080) started
[Thu Dec 26 05:16:02 2024] [::1]:49554 Accepted
[Thu Dec 26 05:16:02 2024] [::1]:49554 [200]: HEAD /
[Thu Dec 26 05:16:02 2024] [::1]:49554 Closing
[Thu Dec 26 05:16:03 2024] [::1]:49558 Accepted
[Thu Dec 26 05:16:03 2024] [::1]:49558 [200]: GET /
[Thu Dec 26 05:16:03 2024] [::1]:49558 Closing
[Thu Dec 26 05:16:03 2024] [::1]:49560 Accepted
[Thu Dec 26 05:16:03 2024] [::1]:49566 Accepted
[Thu Dec 26 05:16:03 2024] [::1]:49560 [200]: GET /css/style.css
[Thu Dec 26 05:16:03 2024] [::1]:49566 [200]: GET /js/main.js
[Thu Dec 26 05:16:03 2024] [::1]:49560 Closing
[Thu Dec 26 05:16:03 2024] [::1]:49566 Closing
[Thu Dec 26 05:16:03 2024] [::1]:49570 Accepted
[Thu Dec 26 05:16:03 2024] [::1]:49570 [200]: GET /api/auth/check
[Thu Dec 26 05:16:03 2024] [::1]:49570 Closing
[Thu Dec 26 05:16:03 2024] [::1]:49572 Accepted
[Thu Dec 26 05:16:03 2024] [::1]:49572 [404]: GET /favicon.ico - No such file or directory
[Thu Dec 26 05:16:03 2024] [::1]:49572 Closing
[Thu Dec 26 05:16:03 2024] [::1]:49582 Accepted
[Thu Dec 26 05:16:03 2024] [::1]:49582 [200]: GET /login.html
[Thu Dec 26 05:16:03 2024] [::1]:49582 Closing
[Thu Dec 26 05:16:03 2024] [::1]:49590 Accepted
[Thu Dec 26 05:16:03 2024] [::1]:49598 Accepted
[Thu Dec 26 05:16:03 2024] [::1]:49590 [200]: GET /css/style.css
[Thu Dec 26 05:16:03 2024] [::1]:49598 [200]: GET /js/main.js
[Thu Dec 26 05:16:03 2024] [::1]:49590 Closing
[Thu Dec 26 05:16:03 2024] [::1]:49598 Closing
[Thu Dec 26 05:16:03 2024] [::1]:49604 Accepted
[Thu Dec 26 05:16:03 2024] [::1]:49604 [200]: GET /api/auth/check
[Thu Dec 26 05:16:03 2024] [::1]:49604 Closing
[Thu Dec 26 05:16:03 2024] [::1]:49620 Accepted
[Thu Dec 26 05:16:03 2024] [::1]:49620 [200]: POST /api/auth/login
[Thu Dec 26 05:16:03 2024] [::1]:49620 Closing
[Thu Dec 26 05:16:14 2024] [::1]:39024 Accepted
[Thu Dec 26 05:16:14 2024] [::1]:39024 [200]: GET /register.html
[Thu Dec 26 05:16:14 2024] [::1]:39024 Closing
[Thu Dec 26 05:16:14 2024] [::1]:39028 Accepted
[Thu Dec 26 05:16:14 2024] [::1]:39028 [200]: GET /css/style.css
[Thu Dec 26 05:16:14 2024] [::1]:39028 Closing
[Thu Dec 26 05:16:14 2024] [::1]:39036 Accepted
[Thu Dec 26 05:16:14 2024] [::1]:39036 [200]: GET /
[Thu Dec 26 05:16:14 2024] [::1]:39036 Closing
[Thu Dec 26 05:16:14 2024] [::1]:39042 Accepted
[Thu Dec 26 05:16:14 2024] [::1]:39058 Accepted
[Thu Dec 26 05:16:14 2024] [::1]:39042 [200]: GET /css/style.css
[Thu Dec 26 05:16:14 2024] [::1]:39058 [200]: GET /js/main.js
[Thu Dec 26 05:16:14 2024] [::1]:39042 Closing
[Thu Dec 26 05:16:14 2024] [::1]:39058 Closing
[Thu Dec 26 05:16:14 2024] [::1]:39062 Accepted
[Thu Dec 26 05:16:14 2024] [::1]:39062 [200]: GET /api/auth/check
[Thu Dec 26 05:16:14 2024] [::1]:39062 Closing
[Thu Dec 26 05:16:24 2024] [::1]:58610 Accepted
[Thu Dec 26 05:16:24 2024] [::1]:58610 [200]: GET /admin/login.html
[Thu Dec 26 05:16:24 2024] [::1]:58610 Closing
[Thu Dec 26 05:16:24 2024] [::1]:58624 Accepted
[Thu Dec 26 05:16:24 2024] [::1]:58634 Accepted
[Thu Dec 26 05:16:24 2024] [::1]:58624 [200]: GET /css/style.css
[Thu Dec 26 05:16:24 2024] [::1]:58634 [200]: GET /js/admin/auth.js
[Thu Dec 26 05:16:24 2024] [::1]:58624 Closing
[Thu Dec 26 05:16:24 2024] [::1]:58634 Closing
[Thu Dec 26 05:16:24 2024] [::1]:58642 Accepted
[Thu Dec 26 05:16:24 2024] [::1]:58642 [200]: POST /api/admin/login
[Thu Dec 26 05:16:24 2024] [::1]:58642 Closing
